TN:
SF:src\app.ts
FNF:0
FNH:0
DA:1,9
DA:2,9
DA:3,9
DA:4,9
DA:5,9
DA:6,9
DA:7,9
DA:8,9
DA:9,9
DA:10,9
DA:11,9
DA:12,9
DA:15,9
DA:17,9
DA:19,9
DA:21,9
DA:22,9
DA:23,9
DA:24,9
DA:25,9
DA:26,9
DA:27,9
DA:28,9
DA:29,9
DA:30,9
DA:32,9
LF:26
LH:26
BRF:0
BRH:0
end_of_record
TN:
SF:src\server.ts
FN:9,(anonymous_1)
FN:10,(anonymous_2)
FN:14,(anonymous_3)
FNF:3
FNH:0
FNDA:0,(anonymous_1)
FNDA:0,(anonymous_2)
FNDA:0,(anonymous_3)
DA:1,0
DA:2,0
DA:4,0
DA:5,0
DA:8,0
DA:10,0
DA:11,0
DA:15,0
LF:8
LH:0
BRDA:4,0,0,0
BRDA:4,0,1,0
BRDA:5,1,0,0
BRDA:5,1,1,0
BRF:4
BRH:0
end_of_record
TN:
SF:src\controllers\authController.ts
FN:5,(anonymous_8)
FN:5,(anonymous_9)
FN:14,(anonymous_10)
FN:14,(anonymous_11)
FN:24,(anonymous_12)
FN:24,(anonymous_13)
FNF:6
FNH:6
FNDA:2,(anonymous_8)
FNDA:2,(anonymous_9)
FNDA:2,(anonymous_10)
FNDA:2,(anonymous_11)
FNDA:2,(anonymous_12)
FNDA:2,(anonymous_13)
DA:2,9
DA:3,9
DA:5,9
DA:6,2
DA:7,2
DA:8,1
DA:10,1
DA:14,9
DA:15,2
DA:16,2
DA:17,2
DA:18,1
DA:20,1
DA:24,9
DA:25,2
DA:26,2
DA:27,1
DA:28,1
DA:31,1
DA:32,1
DA:33,1
DA:34,1
DA:36,0
LF:23
LH:22
BRDA:25,0,0,1
BRDA:25,0,1,1
BRDA:25,1,0,2
BRDA:25,1,1,2
BRDA:26,2,0,1
BRF:5
BRH:5
end_of_record
TN:
SF:src\controllers\blogController.ts
FN:5,(anonymous_8)
FN:5,(anonymous_9)
FN:15,(anonymous_10)
FN:15,(anonymous_11)
FN:29,(anonymous_12)
FN:29,(anonymous_13)
FN:45,(anonymous_14)
FN:45,(anonymous_15)
FN:55,(anonymous_16)
FN:55,(anonymous_17)
FN:68,(anonymous_18)
FN:68,(anonymous_19)
FNF:12
FNH:12
FNDA:1,(anonymous_8)
FNDA:1,(anonymous_9)
FNDA:1,(anonymous_10)
FNDA:1,(anonymous_11)
FNDA:1,(anonymous_12)
FNDA:1,(anonymous_13)
FNDA:1,(anonymous_14)
FNDA:1,(anonymous_15)
FNDA:1,(anonymous_16)
FNDA:1,(anonymous_17)
FNDA:1,(anonymous_18)
FNDA:1,(anonymous_19)
DA:2,9
DA:5,9
DA:6,1
DA:7,1
DA:8,1
DA:10,0
DA:15,9
DA:16,1
DA:17,1
DA:18,1
DA:19,0
DA:20,0
DA:22,1
DA:24,0
DA:29,9
DA:30,1
DA:31,1
DA:32,1
DA:38,1
DA:40,0
DA:45,9
DA:46,1
DA:47,1
DA:48,1
DA:49,1
DA:51,0
DA:55,9
DA:56,1
DA:57,1
DA:58,1
DA:59,0
DA:60,0
DA:62,1
DA:64,0
DA:68,9
DA:69,1
DA:70,1
DA:71,1
DA:72,0
DA:73,0
DA:75,1
DA:77,0
LF:42
LH:30
BRDA:18,0,0,0
BRDA:58,1,0,0
BRDA:71,2,0,0
BRF:3
BRH:0
end_of_record
TN:
SF:src\controllers\orderController.ts
FN:8,(anonymous_8)
FN:8,(anonymous_9)
FN:50,(anonymous_10)
FN:54,(anonymous_11)
FN:73,(anonymous_12)
FN:73,(anonymous_13)
FN:90,(anonymous_14)
FNF:7
FNH:6
FNDA:4,(anonymous_8)
FNDA:4,(anonymous_9)
FNDA:4,(anonymous_10)
FNDA:0,(anonymous_11)
FNDA:1,(anonymous_12)
FNDA:1,(anonymous_13)
FNDA:2,(anonymous_14)
DA:3,9
DA:8,9
DA:10,4
DA:13,4
DA:15,4
DA:17,1
DA:19,1
DA:23,3
DA:25,3
DA:27,1
DA:31,3
DA:33,1
DA:35,0
DA:39,1
DA:44,3
DA:46,2
DA:48,2
DA:50,4
DA:52,0
DA:54,0
DA:59,2
DA:63,1
DA:65,1
DA:73,9
DA:75,1
DA:79,1
DA:81,1
DA:83,0
DA:85,0
DA:90,2
DA:105,1
DA:107,1
DA:111,0
DA:113,0
LF:34
LH:27
BRDA:15,0,0,1
BRDA:15,1,0,4
BRDA:15,1,1,4
BRDA:15,1,2,1
BRDA:25,2,0,1
BRDA:31,3,0,1
BRDA:33,4,0,0
BRDA:48,5,0,2
BRDA:48,5,1,0
BRDA:52,6,0,0
BRDA:81,7,0,0
BRF:11
BRH:7
end_of_record
TN:
SF:src\controllers\profileController.ts
FN:6,(anonymous_7)
FN:6,(anonymous_8)
FNF:2
FNH:2
FNDA:3,(anonymous_7)
FNDA:3,(anonymous_8)
DA:2,9
DA:6,9
DA:7,3
DA:8,3
DA:9,0
DA:10,0
DA:12,3
DA:13,0
DA:15,3
LF:9
LH:6
BRDA:8,0,0,0
BRF:1
BRH:0
end_of_record
TN:
SF:src\controllers\shipmentController.ts
FN:7,(anonymous_8)
FN:7,(anonymous_9)
FN:17,(anonymous_10)
FN:17,(anonymous_11)
FN:30,(anonymous_12)
FN:30,(anonymous_13)
FNF:6
FNH:6
FNDA:2,(anonymous_8)
FNDA:2,(anonymous_9)
FNDA:1,(anonymous_10)
FNDA:1,(anonymous_11)
FNDA:1,(anonymous_12)
FNDA:1,(anonymous_13)
DA:2,9
DA:7,9
DA:8,2
DA:9,2
DA:10,1
DA:12,1
DA:13,1
DA:17,9
DA:18,1
DA:20,1
DA:21,1
DA:22,1
DA:23,1
DA:25,0
DA:26,0
DA:30,9
DA:31,1
DA:32,1
DA:42,1
DA:44,0
DA:45,0
LF:21
LH:17
BRF:0
BRH:0
end_of_record
TN:
SF:src\controllers\stockController.ts
FN:7,(anonymous_8)
FN:7,(anonymous_9)
FN:43,(anonymous_10)
FN:43,(anonymous_11)
FNF:4
FNH:4
FNDA:2,(anonymous_8)
FNDA:2,(anonymous_9)
FNDA:2,(anonymous_10)
FNDA:2,(anonymous_11)
DA:2,9
DA:7,9
DA:9,2
DA:11,2
DA:13,2
DA:15,2
DA:17,1
DA:19,1
DA:25,1
DA:27,1
DA:29,1
DA:33,0
DA:35,0
DA:43,9
DA:45,2
DA:47,2
DA:49,1
DA:53,1
DA:55,1
LF:19
LH:17
BRDA:15,0,0,1
BRF:1
BRH:1
end_of_record
TN:
SF:src\controllers\stockInventoryController.ts
FN:5,(anonymous_8)
FN:6,(anonymous_9)
FN:17,(anonymous_10)
FN:17,(anonymous_11)
FN:34,(anonymous_12)
FN:34,(anonymous_13)
FN:44,(anonymous_14)
FN:44,(anonymous_15)
FN:53,(anonymous_16)
FN:53,(anonymous_17)
FNF:10
FNH:10
FNDA:1,(anonymous_8)
FNDA:2,(anonymous_9)
FNDA:1,(anonymous_10)
FNDA:1,(anonymous_11)
FNDA:1,(anonymous_12)
FNDA:1,(anonymous_13)
FNDA:2,(anonymous_14)
FNDA:2,(anonymous_15)
FNDA:1,(anonymous_16)
FNDA:1,(anonymous_17)
DA:2,9
DA:5,9
DA:6,1
DA:7,2
DA:8,2
DA:9,1
DA:11,2
DA:12,2
DA:17,9
DA:18,1
DA:20,1
DA:21,1
DA:23,1
DA:24,1
DA:25,1
DA:28,0
DA:30,0
DA:34,9
DA:35,1
DA:36,1
DA:37,1
DA:38,1
DA:40,0
DA:44,9
DA:45,2
DA:46,2
DA:47,1
DA:49,1
DA:53,9
DA:54,1
DA:55,1
DA:57,1
DA:58,0
DA:60,1
DA:61,1
DA:63,1
DA:65,0
LF:37
LH:32
BRDA:8,0,0,1
BRDA:23,1,0,1
BRDA:57,2,0,0
BRF:3
BRH:2
end_of_record
TN:
SF:src\controllers\taskController.ts
FN:6,(anonymous_8)
FN:6,(anonymous_9)
FN:42,(anonymous_10)
FN:42,(anonymous_11)
FNF:4
FNH:4
FNDA:2,(anonymous_8)
FNDA:2,(anonymous_9)
FNDA:3,(anonymous_10)
FNDA:3,(anonymous_11)
DA:2,9
DA:6,9
DA:8,2
DA:10,2
DA:12,2
DA:14,2
DA:16,1
DA:18,1
DA:24,1
DA:26,1
DA:28,1
DA:32,0
DA:34,0
DA:42,9
DA:44,3
DA:46,3
DA:48,2
DA:52,1
DA:54,1
LF:19
LH:17
BRDA:14,0,0,1
BRF:1
BRH:1
end_of_record
TN:
SF:src\middlewares\authMiddleware.ts
FN:6,(anonymous_8)
FN:6,(anonymous_9)
FNF:2
FNH:2
FNDA:33,(anonymous_8)
FNDA:33,(anonymous_9)
DA:2,9
DA:4,9
DA:6,33
DA:8,33
DA:10,29
DA:11,29
DA:14,4
DA:15,4
DA:16,1
DA:17,1
DA:20,3
DA:21,3
DA:22,3
DA:23,1
DA:24,1
DA:27,2
DA:28,0
DA:29,0
DA:31,2
LF:19
LH:17
BRDA:8,0,0,29
BRDA:14,1,0,1
BRDA:14,1,1,3
BRDA:14,2,0,4
BRDA:14,2,1,4
BRDA:15,3,0,1
BRDA:22,4,0,1
BRF:7
BRH:7
end_of_record
TN:
SF:src\models\blacklistModel.ts
FNF:0
FNH:0
DA:1,9
DA:8,9
DA:13,9
DA:15,9
LF:4
LH:4
BRF:0
BRH:0
end_of_record
TN:
SF:src\models\blogModel.ts
FNF:0
FNH:0
DA:1,9
DA:4,9
DA:12,9
DA:14,9
LF:4
LH:4
BRF:0
BRH:0
end_of_record
TN:
SF:src\models\orderModel.ts
FNF:0
FNH:0
DA:2,9
DA:4,9
DA:16,9
LF:3
LH:3
BRF:0
BRH:0
end_of_record
TN:
SF:src\models\shipmentModel.ts
FNF:0
FNH:0
DA:2,9
DA:4,9
DA:19,9
LF:3
LH:3
BRF:0
BRH:0
end_of_record
TN:
SF:src\models\stockInventoryModel.ts
FNF:0
FNH:0
DA:2,9
DA:4,9
DA:16,9
DA:17,9
LF:4
LH:4
BRF:0
BRH:0
end_of_record
TN:
SF:src\models\stockModel.ts
FNF:0
FNH:0
DA:2,9
DA:4,9
DA:14,9
LF:3
LH:3
BRF:0
BRH:0
end_of_record
TN:
SF:src\models\taskModel.ts
FNF:0
FNH:0
DA:2,9
DA:4,9
DA:12,9
LF:3
LH:3
BRF:0
BRH:0
end_of_record
TN:
SF:src\models\userModel.ts
FNF:0
FNH:0
DA:1,9
DA:4,9
DA:10,9
DA:12,9
LF:4
LH:4
BRF:0
BRH:0
end_of_record
TN:
SF:src\routes\authRoutes.ts
FNF:0
FNH:0
DA:2,9
DA:3,9
DA:4,9
DA:6,9
DA:8,9
DA:9,9
DA:10,9
DA:12,9
LF:8
LH:8
BRF:0
BRH:0
end_of_record
TN:
SF:src\routes\blogRoutes.ts
FNF:0
FNH:0
DA:1,9
DA:2,9
DA:3,9
DA:5,9
DA:7,9
DA:8,9
DA:9,9
DA:10,9
DA:11,9
DA:12,9
DA:14,9
LF:11
LH:11
BRF:0
BRH:0
end_of_record
TN:
SF:src\routes\index.ts
FNF:0
FNH:0
DA:1,0
DA:4,0
DA:15,0
LF:3
LH:0
BRF:0
BRH:0
end_of_record
TN:
SF:src\routes\orderRoutes.ts
FNF:0
FNH:0
DA:1,9
DA:3,9
DA:5,9
DA:9,9
DA:13,9
DA:15,9
DA:19,9
LF:7
LH:7
BRF:0
BRH:0
end_of_record
TN:
SF:src\routes\profileRoutes.ts
FNF:0
FNH:0
DA:1,9
DA:2,9
DA:3,9
DA:5,9
DA:7,9
DA:9,9
LF:6
LH:6
BRF:0
BRH:0
end_of_record
TN:
SF:src\routes\shipmentRoutes.ts
FNF:0
FNH:0
DA:1,9
DA:2,9
DA:3,9
DA:5,9
DA:7,9
DA:8,9
DA:9,9
DA:11,9
LF:8
LH:8
BRF:0
BRH:0
end_of_record
TN:
SF:src\routes\stockInventoryRoutes.ts
FNF:0
FNH:0
DA:1,9
DA:2,9
DA:3,9
DA:5,9
DA:7,9
DA:8,9
DA:9,9
DA:10,9
DA:12,9
LF:9
LH:9
BRF:0
BRH:0
end_of_record
TN:
SF:src\routes\stockRoutes.ts
FNF:0
FNH:0
DA:1,9
DA:2,9
DA:3,9
DA:6,9
DA:9,9
DA:10,9
DA:14,9
LF:7
LH:7
BRF:0
BRH:0
end_of_record
TN:
SF:src\routes\taskRoutes.ts
FNF:0
FNH:0
DA:1,9
DA:3,9
DA:4,9
DA:6,9
DA:8,9
DA:10,9
DA:12,9
LF:7
LH:7
BRF:0
BRH:0
end_of_record
TN:
SF:src\services\authService.ts
FN:6,(anonymous_8)
FN:6,(anonymous_9)
FN:22,(anonymous_10)
FN:22,(anonymous_11)
FNF:4
FNH:4
FNDA:2,(anonymous_8)
FNDA:2,(anonymous_9)
FNDA:2,(anonymous_10)
FNDA:2,(anonymous_11)
DA:1,9
DA:2,9
DA:3,9
DA:6,9
DA:7,2
DA:9,2
DA:10,2
DA:11,1
DA:14,1
DA:15,1
DA:16,1
DA:18,1
DA:19,1
DA:22,9
DA:23,2
DA:24,2
DA:25,0
DA:28,2
DA:29,2
DA:30,1
DA:33,1
DA:34,1
LF:22
LH:21
BRDA:10,0,0,1
BRDA:24,1,0,0
BRDA:29,2,0,1
BRF:3
BRH:2
end_of_record
TN:
SF:src\services\profileService.ts
FN:3,(anonymous_8)
FN:3,(anonymous_9)
FNF:2
FNH:2
FNDA:3,(anonymous_8)
FNDA:3,(anonymous_9)
DA:1,9
DA:3,9
DA:4,3
DA:5,0
DA:6,0
DA:8,0
LF:6
LH:3
BRDA:5,0,0,0
BRF:1
BRH:0
end_of_record
TN:
SF:src\utils\errorHandler.ts
FN:3,(anonymous_0)
FNF:1
FNH:0
FNDA:0,(anonymous_0)
DA:3,9
DA:4,0
DA:5,0
LF:3
LH:1
BRF:0
BRH:0
end_of_record
TN:
SF:src\utils\jwtUtils.ts
FN:5,(anonymous_1)
FN:9,(anonymous_2)
FNF:2
FNH:2
FNDA:3,(anonymous_1)
FNDA:2,(anonymous_2)
DA:1,9
DA:3,9
DA:5,9
DA:6,3
DA:9,9
DA:10,2
LF:6
LH:6
BRDA:3,0,0,9
BRDA:3,0,1,9
BRF:2
BRH:2
end_of_record
TN:
SF:src\utils\validation.ts
FN:7,(anonymous_0)
FN:19,(anonymous_1)
FNF:2
FNH:2
FNDA:2,(anonymous_0)
FNDA:2,(anonymous_1)
DA:1,9
DA:3,9
DA:8,2
DA:9,2
DA:10,0
DA:12,2
DA:16,9
DA:20,2
DA:21,2
DA:22,0
DA:24,2
LF:11
LH:9
BRDA:9,0,0,0
BRDA:21,1,0,0
BRF:2
BRH:0
end_of_record
